==18817== Memcheck, a memory error detector
==18817== Copyright (C) 2002-2017, and GNU GPL'd, by Julian Seward et al.
==18817== Using Valgrind-3.13.0 and LibVEX; rerun with -h for copyright info
==18817== Command: ./MemLeak
==18817== Parent PID: 18473
==18817== 
==18817== 
==18817== HEAP SUMMARY:
==18817==     in use at exit: 2,575 bytes in 9 blocks
==18817==   total heap usage: 51 allocs, 42 frees, 15,559 bytes allocated
==18817== 
==18817== 2,575 bytes in 9 blocks are definitely lost in loss record 1 of 1
==18817==    at 0x4C31B0F: malloc (in /usr/lib/valgrind/vgpreload_memcheck-amd64-linux.so)
==18817==    by 0x108898: allocMem1 (memleak.c:42)
==18817==    by 0x108823: main (memleak.c:26)
==18817== 
==18817== LEAK SUMMARY:
==18817==    definitely lost: 2,575 bytes in 9 blocks
==18817==    indirectly lost: 0 bytes in 0 blocks
==18817==      possibly lost: 0 bytes in 0 blocks
==18817==    still reachable: 0 bytes in 0 blocks
==18817==         suppressed: 0 bytes in 0 blocks
==18817== 
==18817== For counts of detected and suppressed errors, rerun with: -v
==18817== ERROR SUMMARY: 1 errors from 1 contexts (suppressed: 0 from 0)
